DateTimeNow; Pressure; TempInside; TempOutside; Humidity; Time Device;Latitude Device;Longitude Device;Altitude Device;Time GCS;Latitude GCS;Longitude GCS;Altitude GCS
02.05.2020 14:27:03;936;26.3860163147558;23.3148406982422;54.9321594238281;122654;47.2653;8.432;460.2;0;0;0;0
02.05.2020 14:27:06;936;26.3723860279797;23.3255676269531;54.7872009277344;122704;47.2653;8.4322;460.1;0;0;0;0
02.05.2020 14:27:13;936;26.392831458144;23.2826599121094;54.2684020996094;122713;47.265;8.4323;459.5;0;0;0;0
02.05.2020 14:27:21;936;26.3860163147558;23.2933868408203;54.6117248535156;122721;47.2653;8.4323;458.9;0;0;0;0
02.05.2020 14:27:30;936;26.3792011713678;23.3041137695312;54.8177185058594;122730;47.2653;8.4323;459.1;0;0;0;0
02.05.2020 14:27:38;936;26.3860163147558;23.3148406982422;55.1000061035156;122738;47.2653;8.4324;459.5;0;0;0;0
02.05.2020 14:27:46;936;26.3792011713678;23.3041137695312;54.9550476074219;122746;47.2653;8.4324;459.6;0;0;0;0
02.05.2020 14:27:55;936;26.3792011713678;23.3148406982422;54.8711242675781;122753;47.2653;8.4324;459.8;0;0;0;0
02.05.2020 14:28:03;936;26.392831458144;23.3148406982422;55.0771179199219;122803;47.2653;8.4324;459.7;0;0;0;0
02.05.2020 14:28:12;936;26.3860163147558;23.2933868408203;54.8177185058594;122810;47.2652;8.4323;458.2;0;0;0;0
02.05.2020 14:28:20;935;26.392831458144;23.2826599121094;54.9550476074219;122820;47.265;8.4323;457.8;0;0;0;0
02.05.2020 14:28:29;936;26.3996466015321;23.2933868408203;54.9550476074219;122829;47.2652;8.4323;457.3;0;0;0;0
02.05.2020 14:28:37;936;26.392831458144;23.3041137695312;55.1305236816406;122837;47.2652;8.4323;457.2;0;0;0;0
02.05.2020 14:28:46;935;26.3860163147558;23.3148406982422;55.2220764160156;122845;47.2652;8.4322;457.3;0;0;0;0
02.05.2020 14:28:54;936;26.3996466015321;23.3255676269531;55.1915588378906;122854;47.265;8.4322;457.2;0;0;0;0
02.05.2020 14:29:02;936;26.3860163147558;23.3362945556641;55.2144470214844;122902;47.2651;8.432;457;0;0;0;0
02.05.2020 14:29:11;936;26.392831458144;23.3255676269531;55.2144470214844;122909;47.2651;8.4322;457;0;0;0;0
02.05.2020 14:29:19;936;26.392831458144;23.347021484375;55.1000061035156;122919;47.2651;8.4323;457;0;0;0;0
02.05.2020 14:29:28;936;26.392831458144;23.347021484375;55.0771179199219;122926;47.2651;8.4323;457.5;0;0;0;0
02.05.2020 14:29:36;936;26.392831458144;23.347021484375;55.2449645996094;122936;47.2651;8.4324;457.5;0;0;0;0
02.05.2020 14:29:45;935;26.3996466015321;23.3577484130859;55.1000061035156;122945;47.2651;8.4324;452.9;0;0;0;0
02.05.2020 14:29:53;936;26.392831458144;23.3684753417969;55.1000061035156;122953;47.265;8.4324;452.5;0;0;0;0
02.05.2020 14:30:01;936;26.392831458144;23.3684753417969;54.9550476074219;123001;47.265;8.4324;452.3;0;0;0;0
02.05.2020 14:30:10;936;26.392831458144;23.347021484375;55.1915588378906;123010;47.2651;8.4323;452;0;0;0;0
02.05.2020 14:30:18;936;26.3860163147558;23.3684753417969;54.9016418457031;123018;47.2652;8.4324;452.1;0;0;0;0
02.05.2020 14:30:27;935;26.392831458144;23.3684753417969;55.0466003417969;123025;47.2652;8.4323;451.3;0;0;0;0
02.05.2020 14:30:35;936;26.392831458144;23.3684753417969;54.8177185058594;123035;47.2652;8.4323;451.6;0;0;0;0
02.05.2020 14:30:44;936;26.3996466015321;23.3684753417969;55.1000061035156;123044;47.2652;8.4322;453.3;0;0;0;0
02.05.2020 14:30:52;936;26.3996466015321;23.3899291992187;55.1915588378906;123052;47.2651;8.4323;454.3;0;0;0;0
02.05.2020 14:31:01;936;26.3996466015321;23.3899291992187;55.2144470214844;123100;47.2651;8.4323;454.4;0;0;0;0
02.05.2020 14:31:09;936;26.392831458144;23.3684753417969;54.8711242675781;123109;47.2651;8.432;455.1;0;0;0;0
02.05.2020 14:31:17;936;26.3996466015321;23.3684753417969;54.5583190917969;123117;47.2651;8.432;455.8;0;0;0;0
02.05.2020 14:31:26;936;26.3996466015321;23.347021484375;54.6727600097656;123124;47.265;8.4323;455;0;0;0;0
02.05.2020 14:31:34;936;26.392831458144;23.3684753417969;54.8406066894531;123134;47.2651;8.4323;455.3;0;0;0;0
02.05.2020 14:31:43;936;26.3860163147558;23.4006561279297;55.1000061035156;123143;47.2651;8.4323;454.9;0;0;0;0
02.05.2020 14:31:51;936;26.392831458144;23.3899291992187;54.9550476074219;123151;47.2651;8.4322;454.9;0;0;0;0
02.05.2020 14:32:00;936;26.4064617449202;23.3684753417969;54.8711242675781;123200;47.2651;8.4322;454.8;0;0;0;0
02.05.2020 14:32:08;936;26.3996466015321;23.3684753417969;54.7566833496094;123208;47.2651;8.4322;454.4;0;0;0;0
02.05.2020 14:32:16;936;26.392831458144;23.4113830566406;54.8406066894531;123216;47.2651;8.4322;453.9;0;0;0;0
02.05.2020 14:32:25;936;26.3996466015321;23.4113830566406;54.7566833496094;123223;47.2651;8.4322;453.3;0;0;0;0
02.05.2020 14:32:33;936;26.3792011713678;23.4328369140625;54.9321594238281;123233;47.2651;8.4322;452.8;0;0;0;0
02.05.2020 14:32:42;936;26.3860163147558;23.4328369140625;54.9016418457031;123240;47.2651;8.4322;451.7;0;0;0;0
02.05.2020 14:32:50;936;26.3860163147558;23.4328369140625;54.8711242675781;123250;47.2652;8.4322;450.9;0;0;0;0
02.05.2020 14:32:59;936;26.392831458144;23.4328369140625;54.9855651855469;123259;47.265;8.4322;450.9;0;0;0;0
02.05.2020 14:33:07;936;26.392831458144;23.4435638427734;55.0160827636719;123307;47.2652;8.4322;450.7;0;0;0;0
02.05.2020 14:33:16;936;26.3996466015321;23.4435638427734;54.7872009277344;123315;47.2652;8.4322;449.6;0;0;0;0
02.05.2020 14:33:24;936;26.3996466015321;23.4435638427734;54.9321594238281;123322;47.2652;8.432;448.9;0;0;0;0
02.05.2020 14:33:32;936;26.3996466015321;23.4435638427734;55.1610412597656;123332;47.2652;8.4323;448.7;0;0;0;0
02.05.2020 14:33:41;936;26.3996466015321;23.4328369140625;55.1915588378906;123339;47.2652;8.4323;448.9;0;0;0;0
02.05.2020 14:33:49;935;26.3996466015321;23.4542907714844;55.0466003417969;123349;47.2652;8.4323;448.9;0;0;0;0
02.05.2020 14:33:58;936;26.4064617449202;23.4542907714844;55.1000061035156;123358;47.2652;8.4323;448.7;0;0;0;0
02.05.2020 14:34:06;936;26.4064617449202;23.4542907714844;55.1915588378906;123406;47.2652;8.4323;448;0;0;0;0
02.05.2020 14:34:15;936;26.4064617449202;23.4542907714844;54.9321594238281;123415;47.2652;8.4323;447.9;0;0;0;0
02.05.2020 14:34:23;936;26.4064617449202;23.4542907714844;55.0160827636719;123423;47.265;8.432;447.5;0;0;0;0
02.05.2020 14:34:31;936;26.4064617449202;23.4650177001953;55.0771179199219;123431;47.2652;8.4323;447.4;0;0;0;0
02.05.2020 14:34:40;936;26.4064617449202;23.4542907714844;55.0771179199219;123438;47.265;8.4323;447.5;0;0;0;0
02.05.2020 14:34:48;936;26.4064617449202;23.4542907714844;55.0466003417969;123448;47.2652;8.4323;447.6;0;0;0;0
02.05.2020 14:34:57;935;26.4064617449202;23.4542907714844;54.6956481933594;123457;47.27;8.4323;447.3;0;0;0;0
02.05.2020 14:35:05;936;26.3996466015321;23.4650177001953;54.6956481933594;123505;47.265;8.4323;447.3;0;0;0;0
02.05.2020 14:35:14;936;26.392831458144;23.4757446289062;54.8177185058594;123514;47.2651;8.4323;446.7;0;0;0;0
02.05.2020 14:35:22;936;26.4064617449202;23.4435638427734;54.9016418457031;123522;47.2651;8.4324;446.3;0;0;0;0
02.05.2020 14:35:31;936;26.4064617449202;23.4113830566406;54.6117248535156;123530;47.2651;8.4324;446;0;0;0;0
02.05.2020 14:35:39;936;26.4132768883082;23.4113830566406;54.8711242675781;123539;47.265;8.4323;445.5;0;0;0;0
02.05.2020 14:35:47;936;26.4132768883082;23.4328369140625;54.9321594238281;123547;47.265;8.4323;445.6;0;0;0;0
02.05.2020 14:35:56;936;26.4064617449202;23.4542907714844;55.0160827636719;123554;47.2651;8.43;445.6;0;0;0;0
02.05.2020 14:36:04;936;26.4064617449202;23.4542907714844;54.8406066894531;123604;47.265;8.4323;445.4;0;0;0;0
02.05.2020 14:36:13;936;26.4064617449202;23.4542907714844;54.9016418457031;123611;47.265;8.4323;444.7;0;0;0;0
02.05.2020 14:36:23;936;26.4132768883082;23.4650177001953;54.9321594238281;123623;47.265;8.4323;442.6;0;0;0;0
02.05.2020 14:36:31;936;26.4064617449202;23.4757446289062;54.9321594238281;123631;47.265;8.432;442.1;0;0;0;0
02.05.2020 14:36:39;936;26.4064617449202;23.4757446289062;55.0771179199219;123639;47.2649;8.4324;441;0;0;0;0
02.05.2020 14:36:48;936;26.4132768883082;23.4757446289062;55.1000061035156;123646;47.2649;8.4324;440;0;0;0;0
02.05.2020 14:36:56;936;26.4200920316963;23.4757446289062;55.0771179199219;123656;47.2649;8.4323;439.4;0;0;0;0
02.05.2020 14:37:05;936;26.4200920316963;23.4542907714844;54.9550476074219;123703;47.2649;8.4323;438.8;0;0;0;0
02.05.2020 14:37:13;936;26.4132768883082;23.4864715576172;55.0160827636719;123713;47.2649;8.4323;438.2;0;0;0;0
02.05.2020 14:37:22;936;26.4132768883082;23.4971984863281;55.0466003417969;123722;47.2649;8.4323;437.7;0;0;0;0
02.05.2020 14:37:30;936;26.4200920316963;23.4757446289062;55.0466003417969;123730;47.2649;8.4324;437.8;0;0;0;0
02.05.2020 14:37:39;936;26.4200920316963;23.4971984863281;55.0466003417969;123738;47.2648;8.4324;437;0;0;0;0
02.05.2020 14:37:48;936;26.4132768883082;23.5079254150391;54.9550476074219;123748;47.2648;8.4324;435.5;0;0;0;0
02.05.2020 14:37:57;936;26.4132768883082;23.5079254150391;55.0771179199219;123755;47.265;8.4324;435.6;0;0;0;0
02.05.2020 14:38:05;936;26.4200920316963;23.5079254150391;55.1000061035156;123805;47.265;8.432;436;0;0;0;0
02.05.2020 14:38:14;936;26.4269071750844;23.4971984863281;55.0466003417969;123814;47.2651;8.4323;437.4;0;0;0;0
02.05.2020 14:38:22;936;26.4064617449202;23.4864715576172;55.0160827636719;123822;47.2651;8.4323;438.1;0;0;0;0
02.05.2020 14:38:31;935;26.4132768883082;23.4864715576172;54.9321594238281;123831;47.2651;8.4323;438.5;0;0;0;0
02.05.2020 14:38:39;936;26.4132768883082;23.4757446289062;54.8711242675781;123839;47.2651;8.4323;438.4;0;0;0;0
02.05.2020 14:38:48;936;26.4132768883082;23.4542907714844;54.3523254394531;123847;47.2651;8.4323;438.3;0;0;0;0
02.05.2020 14:38:56;936;26.4132768883082;23.4221099853516;54.2378845214844;123854;47.2651;8.4323;438.3;0;0;0;0
02.05.2020 14:39:04;936;26.4200920316963;23.4435638427734;54.0090026855469;123904;47.265;8.4323;438.5;0;0;0;0
02.05.2020 14:39:13;936;26.4200920316963;23.4757446289062;54.4972839355469;123911;47.265;8.4323;439.1;0;0;0;0
02.05.2020 14:39:21;936;26.4064617449202;23.51865234375;54.5278015136719;123921;47.2651;8.4323;439.3;0;0;0;0
02.05.2020 14:39:30;936;26.4200920316963;23.5079254150391;54.2912902832031;123930;47.2651;8.4323;439.4;0;0;0;0
02.05.2020 14:39:38;936;26.4269071750844;23.5293792724609;54.6422424316406;123938;47.265;8.4323;440;0;0;0;0
02.05.2020 14:39:47;936;26.4200920316963;23.5508331298828;54.5278015136719;123946;47.2651;8.4323;440.3;0;0;0;0
02.05.2020 14:39:55;936;26.4132768883082;23.5508331298828;54.3218078613281;123955;47.2651;8.4323;441.1;0;0;0;0
02.05.2020 14:40:03;936;26.4269071750844;23.5508331298828;54.4133605957031;124003;47.2651;8.4323;441.2;0;0;0;0
02.05.2020 14:40:12;936;26.4200920316963;23.5615600585937;54.5278015136719;124010;47.265;8.4323;442.2;0;0;0;0
02.05.2020 14:40:20;936;26.4200920316963;23.5615600585937;54.3828430175781;124020;47.2651;8.4323;442.7;0;0;0;0
02.05.2020 14:40:29;936;26.4269071750844;23.5722869873047;54.5812072753906;124029;47.2651;8.4323;443;0;0;0;0
02.05.2020 14:40:37;936;26.4269071750844;23.5615600585937;54.6422424316406;124037;47.2651;8.4323;443;0;0;0;0
02.05.2020 14:40:46;936;26.4269071750844;23.5722869873047;54.5278015136719;124046;47.2651;8.43;443;0;0;0;0
02.05.2020 14:40:54;936;26.4269071750844;23.5508331298828;54.5278015136719;124054;47.2652;8.4323;443.4;0;0;0;0
02.05.2020 14:41:03;936;26.4269071750844;23.5830139160156;54.4667663574219;124102;47.2652;8.4323;444.1;0;0;0;0
02.05.2020 14:41:11;936;26.4064617449202;23.5830139160156;54.4133605957031;124109;47.2652;8.4323;445.1;0;0;0;0
02.05.2020 14:41:19;936;26.3860163147558;23.5937408447266;54.3218078613281;124119;47.2652;8.4323;446.4;0;0;0;0
02.05.2020 14:41:29;936;26.4132768883082;23.5937408447266;54.4667663574219;124129;47.2652;8.4323;446.4;0;0;0;0
02.05.2020 14:41:38;936;26.4269071750844;23.5937408447266;54.4133605957031;124138;47.2653;8.4323;447;0;0;0;0
02.05.2020 14:41:46;935;26.4269071750844;23.5830139160156;54.6117248535156;124146;47.2652;8.4323;446.8;0;0;0;0
02.05.2020 14:41:55;936;26.4337223184725;23.6259216308594;54.6117248535156;124154;47.2652;8.4323;446.3;0;0;0;0
02.05.2020 14:42:03;936;26.4200920316963;23.6151947021484;54.5506896972656;124201;47.2652;8.4323;446.3;0;0;0;0
02.05.2020 14:42:11;936;26.4269071750844;23.6044677734375;54.4667663574219;124211;47.265;8.432;446.9;0;0;0;0
02.05.2020 14:42:20;936;26.4337223184725;23.6151947021484;54.4667663574219;124218;47.2652;8.4323;447.6;0;0;0;0
02.05.2020 14:42:28;936;26.4269071750844;23.6044677734375;54.5506896972656;124228;47.2653;8.4323;447.6;0;0;0;0
02.05.2020 14:42:37;936;26.4269071750844;23.6151947021484;54.5812072753906;124237;47.2652;8.432;447.5;0;0;0;0
02.05.2020 14:42:45;936;26.4337223184725;23.6151947021484;54.3828430175781;124245;47.2652;8.4323;447.5;0;0;0;0
02.05.2020 14:42:54;936;26.4269071750844;23.6366485595703;54.3523254394531;124254;47.2652;8.4323;447.2;0;0;0;0
02.05.2020 14:43:02;936;26.4132768883082;23.6473754882812;54.3523254394531;124302;47.2652;8.4323;447.1;0;0;0;0
02.05.2020 14:43:11;936;26.4200920316963;23.6473754882812;54.5201721191406;124310;47.2652;8.4323;446.6;0;0;0;0
02.05.2020 14:43:19;936;26.4269071750844;23.6688293457031;54.5506896972656;124317;47.2652;8.4323;446.1;0;0;0;0
02.05.2020 14:43:27;936;26.4269071750844;23.6581024169922;54.4057312011719;124327;47.2652;8.4323;445.7;0;0;0;0
02.05.2020 14:43:36;935;26.4269071750844;23.6688293457031;54.4057312011719;124334;47.2652;8.4323;445.6;0;0;0;0
02.05.2020 14:43:44;936;26.4269071750844;23.6795562744141;54.4972839355469;124344;47.2652;8.4323;445.4;0;0;0;0
02.05.2020 14:43:53;935;26.4337223184725;23.690283203125;54.4667663574219;124353;47.2651;8.4323;444.3;0;0;0;0
02.05.2020 14:44:01;935;26.4269071750844;23.6795562744141;54.3828430175781;124401;47.265;8.4323;443.8;0;0;0;0
02.05.2020 14:44:10;935;26.3996466015321;23.6795562744141;54.2073669433594;124410;47.2649;8.4322;443.4;0;0;0;0
02.05.2020 14:44:18;936;26.3792011713678;23.6581024169922;54.0013732910156;124418;47.2649;8.4322;443.2;0;0;0;0
02.05.2020 14:44:27;936;26.4132768883082;23.6581024169922;54.1158142089844;124426;47.2648;8.4321;442.9;0;0;0;0
02.05.2020 14:44:35;936;26.4132768883082;23.6688293457031;54.2607727050781;124433;47.2648;8.4322;442.7;0;0;0;0
02.05.2020 14:44:43;935;26.4269071750844;23.6688293457031;54.2607727050781;124443;47.2647;8.4321;442.6;0;0;0;0
02.05.2020 14:44:52;936;26.4337223184725;23.6795562744141;54.3523254394531;124452;47.2647;8.4321;443.1;0;0;0;0
02.05.2020 14:45:00;936;26.4200920316963;23.6795562744141;54.3828430175781;124500;47.2649;8.4321;444.1;0;0;0;0
02.05.2020 14:45:09;935;26.4337223184725;23.6581024169922;54.4362487792969;124509;47.2651;8.4321;445.9;0;0;0;0
02.05.2020 14:45:17;935;26.4337223184725;23.690283203125;54.4362487792969;124517;47.265;8.4322;447.7;0;0;0;0
02.05.2020 14:45:26;936;26.4337223184725;23.6795562744141;54.4057312011719;124525;47.265;8.4321;449.1;0;0;0;0
02.05.2020 14:45:34;935;26.4269071750844;23.6688293457031;54.4362487792969;124534;47.2649;8.4321;450.8;0;0;0;0
02.05.2020 14:45:42;936;26.4337223184725;23.7010101318359;54.4362487792969;124542;47.265;8.4322;452;0;0;0;0
02.05.2020 14:45:51;935;26.4337223184725;23.6795562744141;54.6117248535156;124549;47.2649;8.4322;452.6;0;0;0;0
02.05.2020 14:45:59;936;26.4337223184725;23.6795562744141;54.6117248535156;124559;47.265;8.4322;453.3;0;0;0;0
02.05.2020 14:46:08;936;26.4473526052486;23.7010101318359;54.5201721191406;124608;47.265;8.432;453.2;0;0;0;0
02.05.2020 14:46:16;935;26.4473526052486;23.7224639892578;54.4667663574219;124616;47.265;8.4323;453.1;0;0;0;0
02.05.2020 14:46:25;936;26.4405374618605;23.7331909179687;54.4057312011719;124625;47.2651;8.4323;454.8;0;0;0;0
02.05.2020 14:46:33;935;26.4541677486367;23.7117370605469;54.4362487792969;124633;47.2651;8.4323;455.3;0;0;0;0
02.05.2020 14:46:42;936;26.4473526052486;23.7117370605469;54.3828430175781;124641;47.2651;8.4323;455.4;0;0;0;0
02.05.2020 14:46:50;935;26.4337223184725;23.7224639892578;54.2302551269531;124648;47.2651;8.4323;455.3;0;0;0;0
02.05.2020 14:46:58;936;26.4405374618605;23.7010101318359;54.0852966308594;124658;47.2651;8.4323;455.3;0;0;0;0
02.05.2020 14:47:07;935;26.4541677486367;23.690283203125;54.2912902832031;124705;47.265;8.4323;455.4;0;0;0;0
02.05.2020 14:47:15;935;26.4473526052486;23.7010101318359;54.2302551269531;124715;47.2651;8.4323;455.9;0;0;0;0
02.05.2020 14:47:24;935;26.4473526052486;23.7331909179687;54.3523254394531;124724;47.265;8.4323;457.8;0;0;0;0
02.05.2020 14:47:32;935;26.4405374618605;23.7331909179687;54.4667663574219;124732;47.265;8.4323;459;0;0;0;0
02.05.2020 14:47:41;936;26.4541677486367;23.7546447753906;54.4667663574219;124741;47.2651;8.4323;461.5;0;0;0;0
02.05.2020 14:47:49;935;26.4405374618605;23.7546447753906;54.4667663574219;124749;47.2651;8.4324;462.5;0;0;0;0
02.05.2020 14:47:58;936;26.4541677486367;23.7653717041016;54.2912902832031;124757;47.2652;8.4324;462.1;0;0;0;0
02.05.2020 14:48:06;936;26.4473526052486;23.7546447753906;54.2607727050781;124804;47.2652;8.4324;464.2;0;0;0;0
02.05.2020 14:48:14;936;26.4405374618605;23.7546447753906;54.3218078613281;124814;47.2651;8.4324;465.1;0;0;0;0
02.05.2020 14:48:23;936;26.4473526052486;23.7439178466797;54.3218078613281;124821;47.265;8.4324;465.4;0;0;0;0
02.05.2020 14:48:31;936;26.4541677486367;23.7546447753906;54.3218078613281;124831;47.2651;8.4324;466.3;0;0;0;0
02.05.2020 14:48:40;935;26.4337223184725;23.7439178466797;53.9708557128906;124840;47.2651;8.4324;468.2;0;0;0;0
02.05.2020 14:48:48;936;26.4473526052486;23.7331909179687;54.2073669433594;124848;47.2651;8.4323;469.1;0;0;0;0
02.05.2020 14:48:57;936;26.4541677486367;23.7653717041016;54.3523254394531;124856;47.2651;8.4323;469.4;0;0;0;0
02.05.2020 14:49:05;936;26.4609828920248;23.7760986328125;54.2302551269531;124903;47.2651;8.4323;469.5;0;0;0;0
02.05.2020 14:49:13;936;26.4473526052486;23.7653717041016;54.3523254394531;124913;47.265;8.4321;471.1;0;0;0;0
02.05.2020 14:49:22;935;26.4541677486367;23.7546447753906;54.4057312011719;124920;47.265;8.432;471.7;0;0;0;0
02.05.2020 14:49:30;936;26.4541677486367;23.7868255615234;54.2607727050781;124930;47.265;8.432;473.2;0;0;0;0
02.05.2020 14:49:39;936;26.4609828920248;23.7760986328125;54.3523254394531;124939;47.265;8.4321;475.7;0;0;0;0
02.05.2020 14:49:47;936;26.4609828920248;23.7760986328125;54.4057312011719;124947;47.265;8.4321;475.7;0;0;0;0
02.05.2020 14:49:56;936;26.4609828920248;23.7868255615234;54.3218078613281;124956;47.2651;8.4322;476.2;0;0;0;0
02.05.2020 14:50:04;936;26.4609828920248;23.7760986328125;54.3218078613281;125004;47.2651;8.4322;477.7;0;0;0;0
02.05.2020 14:50:13;936;26.4677980354129;23.7546447753906;54.0852966308594;125012;47.265;8.4322;478.9;0;0;0;0
02.05.2020 14:50:21;936;26.4677980354129;23.8082794189453;54.0624084472656;125019;47.265;8.4322;478.8;0;0;0;0
02.05.2020 14:50:29;936;26.4405374618605;23.7653717041016;54.1463317871094;125029;47.265;8.4322;478.9;0;0;0;0
02.05.2020 14:50:38;936;26.3996466015321;23.7546447753906;54.0013732910156;125036;47.265;8.4322;479.1;0;0;0;0
02.05.2020 14:50:46;936;26.4405374618605;23.7546447753906;53.9174499511719;125046;47.2651;8.4323;479;0;0;0;0
02.05.2020 14:50:55;935;26.4541677486367;23.7546447753906;54.2302551269531;125055;47.265;8.4323;478.7;0;0;0;0
02.05.2020 14:51:03;936;26.4541677486367;23.7439178466797;53.8869323730469;125103;47.265;8.4323;478.6;0;0;0;0
02.05.2020 14:51:12;936;26.4609828920248;23.7439178466797;53.8258972167969;125111;47.265;8.43;478.6;0;0;0;0
02.05.2020 14:51:20;936;26.4609828920248;23.7546447753906;53.9708557128906;125120;47.265;8.4324;476.4;0;0;0;0
02.05.2020 14:51:28;936;26.4677980354129;23.7868255615234;54.0852966308594;125128;47.2651;8.432;476.4;0;0;0;0
02.05.2020 14:51:37;936;26.481428322189;23.8082794189453;54.0318908691406;125135;47.2651;8.432;476.4;0;0;0;0
02.05.2020 14:51:45;935;26.481428322189;23.7975524902344;53.8869323730469;125145;47.265;8.4324;476.5;0;0;0;0
02.05.2020 14:51:54;936;26.474613178801;23.7975524902344;53.9479675292969;125152;47.265;8.4323;476.5;0;0;0;0
02.05.2020 14:52:02;936;26.474613178801;23.7868255615234;54.2607727050781;125202;47.2651;8.432;478;0;0;0;0
02.05.2020 14:52:11;936;26.474613178801;23.8082794189453;54.3218078613281;125211;47.265;8.4324;479;0;0;0;0
02.05.2020 14:52:19;936;26.4677980354129;23.7975524902344;54.1463317871094;125219;47.2651;8.4324;479;0;0;0;0
02.05.2020 14:52:28;936;26.4677980354129;23.7760986328125;54.1463317871094;125227;47.265;8.4323;479.1;0;0;0;0
02.05.2020 14:52:36;936;26.4609828920248;23.7760986328125;54.3523254394531;125236;47.2651;8.4323;479.7;0;0;0;0
02.05.2020 14:52:44;935;26.4677980354129;23.7653717041016;54.3218078613281;125244;47.2651;8.4323;479.8;0;0;0;0
02.05.2020 14:52:53;936;26.4677980354129;23.7868255615234;54.3828430175781;125251;47.2651;8.4324;480.6;0;0;0;0
02.05.2020 14:53:01;936;26.4677980354129;23.7760986328125;54.4057312011719;125301;47.2651;8.4324;481.8;0;0;0;0
02.05.2020 14:53:10;935;26.4609828920248;23.8190063476562;54.3523254394531;125310;47.2652;8.432;482.5;0;0;0;0
02.05.2020 14:53:18;936;26.4677980354129;23.8190063476562;54.4057312011719;125318;47.2651;8.4324;482.6;0;0;0;0
02.05.2020 14:53:27;935;26.4677980354129;23.8082794189453;54.4362487792969;125327;47.2651;8.4322;483.1;0;0;0;0
02.05.2020 14:53:35;936;26.4677980354129;23.7975524902344;54.4057312011719;125335;47.2651;8.432;483.2;0;0;0;0
02.05.2020 14:53:43;935;26.474613178801;23.8190063476562;54.2912902832031;125343;47.2651;8.4322;483.3;0;0;0;0
02.05.2020 14:53:52;936;26.474613178801;23.8297332763672;54.0852966308594;125350;47.2651;8.4322;483.4;0;0;0;0
02.05.2020 14:54:00;936;26.474613178801;23.8404602050781;54.2607727050781;125400;47.265;8.4321;483.1;0;0;0;0
02.05.2020 14:54:09;935;26.4609828920248;23.8082794189453;54.3828430175781;125407;47.265;8.4321;483.2;0;0;0;0
02.05.2020 14:54:17;936;26.4609828920248;23.8082794189453;54.4057312011719;125417;47.2651;8.4321;483.2;0;0;0;0
02.05.2020 14:54:26;936;26.4609828920248;23.7975524902344;54.4057312011719;125426;47.2651;8.4321;481.2;0;0;0;0
02.05.2020 14:54:34;935;26.4677980354129;23.8190063476562;54.2912902832031;125434;47.2651;8.432;481.1;0;0;0;0
02.05.2020 14:54:43;935;26.4677980354129;23.8297332763672;54.2607727050781;125443;47.2651;8.4321;481.1;0;0;0;0
02.05.2020 14:54:51;936;26.4677980354129;23.8404602050781;54.3218078613281;125451;47.265;8.4321;480.9;0;0;0;0
02.05.2020 14:54:59;936;26.474613178801;23.8190063476562;54.2073669433594;125459;47.265;8.4322;479.8;0;0;0;0
02.05.2020 14:55:08;936;26.474613178801;23.8404602050781;54.2912902832031;125506;47.265;8.4322;479.7;0;0;0;0
02.05.2020 14:55:16;936;26.481428322189;23.8619140625;54.2302551269531;125516;47.265;8.4321;479.7;0;0;0;0
02.05.2020 14:55:25;935;26.481428322189;23.8511871337891;54.2302551269531;125523;47.265;8.4321;478.8;0;0;0;0
02.05.2020 14:55:33;936;26.474613178801;23.8404602050781;54.3752136230469;125533;47.265;8.432;478.1;0;0;0;0
02.05.2020 14:55:42;936;26.481428322189;23.8619140625;54.2302551269531;125542;47.2648;8.4319;476.8;0;0;0;0
02.05.2020 14:55:50;935;26.474613178801;23.8511871337891;54.3523254394531;125550;47.2649;8.4321;476.3;0;0;0;0
02.05.2020 14:55:59;936;26.481428322189;23.8511871337891;54.2607727050781;125558;47.265;8.4322;477.1;0;0;0;0
02.05.2020 14:56:07;936;26.474613178801;23.8726409912109;54.2073669433594;125605;47.265;8.4322;476.3;0;0;0;0
02.05.2020 14:56:15;936;26.481428322189;23.8404602050781;54.2073669433594;125615;47.265;8.432;476.5;0;0;0;0
02.05.2020 14:56:24;935;26.481428322189;23.8404602050781;54.3218078613281;125622;47.265;8.4324;476.6;0;0;0;0
02.05.2020 14:56:32;935;26.481428322189;23.8726409912109;54.3523254394531;125632;47.265;8.4325;477.8;0;0;0;0
02.05.2020 14:56:41;935;26.474613178801;23.8511871337891;54.4057312011719;125641;47.265;8.4324;478.7;0;0;0;0
02.05.2020 14:56:49;936;26.481428322189;23.8297332763672;54.2912902832031;125649;47.265;8.4324;478.1;0;0;0;0
02.05.2020 14:56:58;935;26.4882434655771;23.8619140625;54.2912902832031;125657;47.265;8.4324;476.8;0;0;0;0
02.05.2020 14:57:06;936;26.481428322189;23.8619140625;54.3752136230469;125706;47.265;8.4324;476.8;0;0;0;0
02.05.2020 14:57:14;936;26.474613178801;23.8297332763672;54.2607727050781;125714;47.265;8.432;476.3;0;0;0;0
02.05.2020 14:57:23;936;26.474613178801;23.8619140625;54.3523254394531;125721;47.265;8.4323;476.2;0;0;0;0
02.05.2020 14:57:31;936;26.4609828920248;23.8619140625;54.2607727050781;125731;47.265;8.4324;476.2;0;0;0;0
02.05.2020 14:57:40;936;26.481428322189;23.8404602050781;54.3752136230469;125740;47.2651;8.4324;476.3;0;0;0;0
02.05.2020 14:57:48;936;26.4677980354129;23.8619140625;54.1768493652344;125748;47.2651;8.4324;476.3;0;0;0;0
02.05.2020 14:57:57;936;26.474613178801;23.8297332763672;54.2073669433594;125757;47.2651;8.4324;477.7;0;0;0;0
02.05.2020 14:58:05;936;26.474613178801;23.8297332763672;54.2302551269531;125805;47.2651;8.4323;477.6;0;0;0;0
02.05.2020 14:58:14;936;26.481428322189;23.8082794189453;54.2073669433594;125813;47.265;8.432;477.3;0;0;0;0
02.05.2020 14:58:22;936;26.481428322189;23.8190063476562;54.4057312011719;125820;47.2651;8.4323;476.8;0;0;0;0
02.05.2020 14:58:30;936;26.4882434655771;23.8190063476562;54.4057312011719;125830;47.2651;8.432;476.8;0;0;0;0
02.05.2020 14:58:39;936;26.474613178801;23.8404602050781;54.4057312011719;125837;47.2651;8.4323;475.8;0;0;0;0
02.05.2020 14:58:47;936;26.4609828920248;23.8190063476562;53.5436096191406;125847;47.2651;8.4322;475.4;0;0;0;0
02.05.2020 14:58:56;936;26.474613178801;23.8297332763672;54.0852966308594;125856;47.2651;8.4323;474.8;0;0;0;0
02.05.2020 14:59:04;936;26.481428322189;23.8297332763672;53.9174499511719;125904;47.2651;8.4322;475.2;0;0;0;0
02.05.2020 14:59:13;936;26.4950586089652;23.7653717041016;52.2389831542969;125912;47.2651;8.432;475.1;0;0;0;0
02.05.2020 14:59:21;936;26.4882434655771;23.7760986328125;53.4520568847656;125921;47.2651;8.432;474.8;0;0;0;0
02.05.2020 14:59:29;936;26.4882434655771;23.8190063476562;53.7724914550781;125929;47.2651;8.4323;475;0;0;0;0
02.05.2020 14:59:38;935;26.4882434655771;23.8190063476562;53.8258972167969;125936;47.265;8.4323;474.9;0;0;0;0
02.05.2020 14:59:46;936;26.4882434655771;23.8297332763672;54.0852966308594;125946;47.2651;8.4323;474.7;0;0;0;0
02.05.2020 14:59:55;936;26.4882434655771;23.7975524902344;52.8798522949219;125953;47.2651;8.432;474.8;0;0;0;0
02.05.2020 15:00:03;935;26.474613178801;23.7975524902344;52.8493347167969;130003;47.2651;8.4322;475.1;0;0;0;0
02.05.2020 15:00:12;936;26.4677980354129;23.8190063476562;53.4825744628906;130012;47.2651;8.4322;475.3;0;0;0;0
02.05.2020 15:00:20;935;26.4882434655771;23.8190063476562;53.6275329589844;130020;47.265;8.4322;475.4;0;0;0;0
02.05.2020 15:00:29;936;26.4882434655771;23.8190063476562;53.8564147949219;130028;47.2651;8.4322;475.3;0;0;0;0
02.05.2020 15:00:37;935;26.481428322189;23.7546447753906;53.8869323730469;130037;47.2651;8.4322;475.4;0;0;0;0
02.05.2020 15:00:45;936;26.4882434655771;23.7653717041016;53.8258972167969;130045;47.2651;8.4323;475.6;0;0;0;0
02.05.2020 15:00:54;936;26.4950586089652;23.8190063476562;54.1768493652344;130052;47.265;8.4322;475.4;0;0;0;0
02.05.2020 15:01:02;935;26.4950586089652;23.8297332763672;54.0318908691406;130102;47.265;8.4322;474.7;0;0;0;0
02.05.2020 15:01:11;936;26.481428322189;23.8190063476562;54.2302551269531;130109;47.265;8.4322;474.7;0;0;0;0
02.05.2020 15:01:19;935;26.4882434655771;23.8190063476562;54.1463317871094;130119;47.265;8.4323;474.6;0;0;0;0
02.05.2020 15:01:28;936;26.4677980354129;23.8297332763672;54.1158142089844;130128;47.2649;8.4322;478.8;0;0;0;0
02.05.2020 15:01:36;935;26.481428322189;23.8190063476562;54.1463317871094;130136;47.2649;8.4321;479.8;0;0;0;0
02.05.2020 15:01:45;935;26.4882434655771;23.8190063476562;54.0852966308594;130144;47.265;8.4321;480.6;0;0;0;0
02.05.2020 15:01:53;935;26.474613178801;23.8297332763672;54.0852966308594;130151;47.265;8.4321;480.9;0;0;0;0
02.05.2020 15:02:01;935;26.4541677486367;23.8297332763672;53.2536926269531;130201;47.265;8.4321;481.3;0;0;0;0
02.05.2020 15:02:10;936;26.4677980354129;23.8297332763672;53.1926574707031;130208;47.265;8.4321;481.4;0;0;0;0
02.05.2020 15:02:18;936;26.4405374618605;23.8297332763672;53.6580505371094;130218;47.2651;8.4322;481.6;0;0;0;0
02.05.2020 15:02:27;935;26.4677980354129;23.8082794189453;53.9174499511719;130227;47.2651;8.4321;481.8;0;0;0;0
02.05.2020 15:02:35;935;26.4677980354129;23.8190063476562;54.2607727050781;130235;47.2651;8.4322;482.2;0;0;0;0
02.05.2020 15:02:44;935;26.4677980354129;23.8190063476562;54.1463317871094;130243;47.265;8.432;484.3;0;0;0;0
02.05.2020 15:02:52;935;26.474613178801;23.7760986328125;53.4215393066406;130252;47.265;8.4321;487.8;0;0;0;0
02.05.2020 15:03:00;935;26.481428322189;23.8190063476562;53.7724914550781;130300;47.2649;8.432;490.3;0;0;0;0
02.05.2020 15:03:09;935;26.481428322189;23.7975524902344;54.0013732910156;130307;47.265;8.4321;491.7;0;0;0;0
02.05.2020 15:03:17;935;26.481428322189;23.8297332763672;54.0318908691406;130317;47.265;8.4322;492.9;0;0;0;0
02.05.2020 15:03:26;936;26.4609828920248;23.8297332763672;54.0013732910156;130326;47.2651;8.4323;492.7;0;0;0;0
02.05.2020 15:03:34;935;26.4677980354129;23.8404602050781;54.2302551269531;130334;47.2651;8.4323;492.7;0;0;0;0
02.05.2020 15:03:43;936;26.4677980354129;23.8297332763672;54.3218078613281;130343;47.265;8.432;492.4;0;0;0;0
02.05.2020 15:03:51;936;26.4677980354129;23.8190063476562;54.5201721191406;130351;47.2651;8.4323;492;0;0;0;0
02.05.2020 15:04:00;935;26.4677980354129;23.7975524902344;54.6651306152344;130359;47.2651;8.4323;491.9;0;0;0;0
02.05.2020 15:04:08;935;26.4677980354129;23.7868255615234;54.6956481933594;130406;47.2651;8.4323;492;0;0;0;0
02.05.2020 15:04:16;935;26.474613178801;23.7760986328125;54.6956481933594;130416;47.2651;8.4323;491.9;0;0;0;0
02.05.2020 15:04:25;935;26.474613178801;23.7760986328125;54.5506896972656;130423;47.2651;8.4323;491.9;0;0;0;0
02.05.2020 15:04:33;936;26.481428322189;23.7546447753906;53.8869323730469;130433;47.2651;8.43;491.5;0;0;0;0
02.05.2020 15:04:42;936;26.474613178801;23.7439178466797;53.8869323730469;130442;47.265;8.4324;489.9;0;0;0;0
02.05.2020 15:04:50;936;26.4677980354129;23.7439178466797;54.3523254394531;130450;47.2651;8.432;490.2;0;0;0;0
02.05.2020 15:04:59;936;26.481428322189;23.7546447753906;54.4667663574219;130458;47.265;8.4325;491.4;0;0;0;0
02.05.2020 15:05:07;936;26.474613178801;23.7653717041016;54.4667663574219;130507;47.265;8.4325;492.2;0;0;0;0
02.05.2020 15:05:15;935;26.4677980354129;23.7868255615234;54.5506896972656;130515;47.2651;8.4325;492;0;0;0;0
02.05.2020 15:05:24;935;26.481428322189;23.8190063476562;54.5506896972656;130522;47.2651;8.4325;492.1;0;0;0;0
02.05.2020 15:05:32;936;26.474613178801;23.8297332763672;54.5812072753906;130532;47.2651;8.4325;492.3;0;0;0;0
02.05.2020 15:05:41;935;26.481428322189;23.8511871337891;54.3752136230469;130541;47.2651;8.4326;491.5;0;0;0;0
02.05.2020 15:05:49;935;26.474613178801;23.8619140625;54.4667663574219;130549;47.2651;8.4326;491.5;0;0;0;0
02.05.2020 15:05:58;936;26.481428322189;23.8726409912109;54.5201721191406;130558;47.2651;8.4326;489.6;0;0;0;0
02.05.2020 15:06:06;935;26.481428322189;23.8726409912109;54.3752136230469;130606;47.2651;8.4325;489.5;0;0;0;0
02.05.2020 15:06:15;935;26.481428322189;23.8726409912109;54.2073669433594;130614;47.265;8.4325;489.2;0;0;0;0
02.05.2020 15:06:23;936;26.481428322189;23.8297332763672;53.9174499511719;130621;47.2651;8.432;489.1;0;0;0;0
02.05.2020 15:06:31;935;26.481428322189;23.8511871337891;54.2607727050781;130631;47.2651;8.4323;489.4;0;0;0;0
02.05.2020 15:06:40;936;26.481428322189;23.8404602050781;54.3218078613281;130638;47.2651;8.4323;489.7;0;0;0;0
02.05.2020 15:06:48;936;26.4950586089652;23.8726409912109;54.1158142089844;130648;47.2651;8.4322;489.8;0;0;0;0
02.05.2020 15:06:57;935;26.4882434655771;23.8726409912109;54.1158142089844;130657;47.2651;8.4321;490.7;0;0;0;0
02.05.2020 15:07:05;935;26.4882434655771;23.8726409912109;54.2302551269531;130705;47.2652;8.4319;491;0;0;0;0
02.05.2020 15:07:14;935;26.4882434655771;23.8404602050781;54.1768493652344;130714;47.2653;8.4316;491.3;0;0;0;0
02.05.2020 15:07:22;936;26.4882434655771;23.8619140625;54.2302551269531;130722;47.2653;8.4318;488.7;0;0;0;0
02.05.2020 15:07:30;935;26.4950586089652;23.8511871337891;54.1158142089844;130730;47.2652;8.432;488.1;0;0;0;0
02.05.2020 15:07:39;936;26.481428322189;23.8297332763672;54.0624084472656;130737;47.2652;8.432;489.2;0;0;0;0
02.05.2020 15:07:47;935;26.4882434655771;23.8190063476562;53.8258972167969;130747;47.265;8.4322;489.4;0;0;0;0
02.05.2020 15:07:56;936;26.481428322189;23.7975524902344;54.2912902832031;130756;47.2651;8.4322;488.6;0;0;0;0
02.05.2020 15:08:04;935;26.474613178801;23.7868255615234;54.4972839355469;130804;47.2651;8.4324;488.6;0;0;0;0
02.05.2020 15:08:13;935;26.4882434655771;23.7975524902344;54.7261657714844;130813;47.2651;8.4323;491.4;0;0;0;0
02.05.2020 15:08:21;936;26.474613178801;23.8082794189453;54.8100891113281;130821;47.2651;8.4324;491.1;0;0;0;0
02.05.2020 15:08:30;935;26.474613178801;23.7975524902344;54.9016418457031;130829;47.2651;8.4324;490.6;0;0;0;0
02.05.2020 15:08:38;935;26.474613178801;23.7868255615234;54.9016418457031;130836;47.2651;8.4324;490.6;0;0;0;0
02.05.2020 15:08:46;935;26.4677980354129;23.7868255615234;54.8711242675781;130846;47.2651;8.4323;490.5;0;0;0;0
02.05.2020 15:08:55;935;26.481428322189;23.7868255615234;54.8711242675781;130853;47.2651;8.4323;490.5;0;0;0;0
02.05.2020 15:09:03;935;26.474613178801;23.8082794189453;54.7566833496094;130903;47.2651;8.4323;490.5;0;0;0;0
02.05.2020 15:09:12;935;26.481428322189;23.8190063476562;54.6651306152344;130912;47.2651;8.4323;491.4;0;0;0;0
02.05.2020 15:09:20;936;26.481428322189;23.8190063476562;54.7795715332031;130920;47.2651;8.4324;491.2;0;0;0;0
02.05.2020 15:09:29;936;26.481428322189;23.8190063476562;54.9016418457031;130928;47.2651;8.4324;490.8;0;0;0;0
02.05.2020 15:09:37;935;26.4882434655771;23.8297332763672;54.9016418457031;130937;47.265;8.4324;491.7;0;0;0;0
02.05.2020 15:09:45;936;26.481428322189;23.8297332763672;54.8406066894531;130945;47.265;8.4324;492;0;0;0;0
02.05.2020 15:09:54;936;26.4882434655771;23.8297332763672;54.9016418457031;130952;47.2651;8.4323;492.3;0;0;0;0
02.05.2020 15:10:02;936;26.4882434655771;23.8619140625;54.8406066894531;131002;47.2651;8.4323;492.8;0;0;0;0
02.05.2020 15:10:11;935;26.481428322189;23.8619140625;54.7566833496094;131011;47.2651;8.432;491.6;0;0;0;0
02.05.2020 15:10:19;935;26.4882434655771;23.8297332763672;54.1768493652344;131019;47.2651;8.4323;491.6;0;0;0;0
02.05.2020 15:10:28;935;26.4882434655771;23.8297332763672;54.2912902832031;131028;47.2651;8.4323;486.3;0;0;0;0
02.05.2020 15:10:36;935;26.4882434655771;23.8297332763672;54.7566833496094;131036;47.2651;8.4323;484.6;0;0;0;0
02.05.2020 15:10:45;935;26.4950586089652;23.8297332763672;54.5201721191406;131044;47.2651;8.4323;483.6;0;0;0;0
02.05.2020 15:10:53;936;26.4950586089652;23.8404602050781;54.4972839355469;131051;47.2652;8.4323;483.5;0;0;0;0
02.05.2020 15:11:01;935;26.481428322189;23.8297332763672;54.6651306152344;131101;47.2652;8.4323;482.3;0;0;0;0
02.05.2020 15:11:10;935;26.481428322189;23.8190063476562;54.9245300292969;131108;47.2652;8.4323;480.5;0;0;0;0
02.05.2020 15:11:18;935;26.4950586089652;23.8190063476562;54.9550476074219;131118;47.2652;8.4322;478.8;0;0;0;0
02.05.2020 15:11:27;936;26.4950586089652;23.8190063476562;54.8406066894531;131127;47.2651;8.4323;472.9;0;0;0;0
02.05.2020 15:11:35;935;26.481428322189;23.8190063476562;54.9016418457031;131135;47.2651;8.4323;470.3;0;0;0;0
02.05.2020 15:11:44;936;26.4882434655771;23.8297332763672;54.4057312011719;131144;47.265;8.4323;468.9;0;0;0;0
02.05.2020 15:11:52;935;26.4882434655771;23.8297332763672;54.6956481933594;131152;47.2651;8.4323;468.1;0;0;0;0
02.05.2020 15:12:00;936;26.4882434655771;23.8297332763672;54.9550476074219;131200;47.2651;8.4323;466.9;0;0;0;0
02.05.2020 15:12:09;936;26.4882434655771;23.8297332763672;54.9855651855469;131207;47.2651;8.4323;466.7;0;0;0;0
02.05.2020 15:12:17;936;26.481428322189;23.8297332763672;55.0694885253906;131217;47.2651;8.4322;466.7;0;0;0;0
02.05.2020 15:12:26;936;26.481428322189;23.8297332763672;55.1305236816406;131224;47.2651;8.4322;466.5;0;0;0;0
02.05.2020 15:12:34;935;26.481428322189;23.8511871337891;55.1305236816406;131234;47.2652;8.4322;464.7;0;0;0;0
02.05.2020 15:12:43;936;26.481428322189;23.8511871337891;55.0389709472656;131243;47.2652;8.4322;462.6;0;0;0;0
02.05.2020 15:12:51;937;26.4882434655771;23.8511871337891;54.9016418457031;131251;47.2652;8.432;462.6;0;0;0;0
02.05.2020 15:13:00;936;26.5018737523533;23.8726409912109;54.2607727050781;131259;47.2651;8.4322;462.2;0;0;0;0
02.05.2020 15:13:08;935;26.4950586089652;23.8619140625;54.3523254394531;131306;47.2651;8.4322;461.4;0;0;0;0
02.05.2020 15:13:16;935;26.4950586089652;23.8297332763672;53.9708557128906;131316;47.2651;8.4322;460.8;0;0;0;0
02.05.2020 15:13:25;936;26.4950586089652;23.8297332763672;54.2073669433594;131323;47.265;8.4322;460.8;0;0;0;0
02.05.2020 15:13:33;936;26.4882434655771;23.8297332763672;54.8100891113281;131333;47.2651;8.4322;460.9;0;0;0;0
02.05.2020 15:13:42;936;26.4950586089652;23.8297332763672;54.7566833496094;131342;47.2651;8.4322;460.7;0;0;0;0
02.05.2020 15:13:50;936;26.4950586089652;23.8940948486328;54.8100891113281;131350;47.265;8.4322;460.8;0;0;0;0
02.05.2020 15:13:59;936;26.4950586089652;23.8940948486328;54.7566833496094;131359;47.2651;8.4323;462.1;0;0;0;0
02.05.2020 15:14:07;936;26.4950586089652;23.8833679199219;55.0160827636719;131407;47.265;8.4323;462.1;0;0;0;0
02.05.2020 15:14:15;936;26.4950586089652;23.8726409912109;55.0389709472656;131415;47.2651;8.4322;462.5;0;0;0;0
02.05.2020 15:14:24;936;26.5018737523533;23.9155487060547;54.9245300292969;131422;47.2651;8.4322;463.1;0;0;0;0
02.05.2020 15:14:32;936;26.5018737523533;23.8940948486328;54.5812072753906;131432;47.2651;8.4323;463.4;0;0;0;0
02.05.2020 15:14:41;936;26.4950586089652;23.8833679199219;54.8100891113281;131439;47.265;8.432;464.7;0;0;0;0
02.05.2020 15:14:49;936;26.4950586089652;23.8619140625;55.0160827636719;131449;47.265;8.4323;465.8;0;0;0;0
02.05.2020 15:14:58;936;26.4882434655771;23.8404602050781;54.9245300292969;131458;47.2651;8.4322;466.2;0;0;0;0
02.05.2020 15:15:06;936;26.481428322189;23.8511871337891;54.9245300292969;131506;47.2651;8.4322;466.3;0;0;0;0
02.05.2020 15:15:15;936;26.4882434655771;23.8833679199219;54.9245300292969;131514;47.2651;8.4322;466.3;0;0;0;0
02.05.2020 15:15:23;936;26.4950586089652;23.8833679199219;54.7261657714844;131523;47.2652;8.4323;466.1;0;0;0;0
02.05.2020 15:15:31;936;26.5018737523533;23.9155487060547;54.5812072753906;131531;47.2652;8.4323;466.2;0;0;0;0
02.05.2020 15:15:40;936;26.4950586089652;23.9048217773437;54.7795715332031;131538;47.2652;8.4323;465.9;0;0;0;0
02.05.2020 15:15:48;936;26.4882434655771;23.8940948486328;55.1305236816406;131548;47.2652;8.4323;465.9;0;0;0;0
02.05.2020 15:15:57;936;26.4882434655771;23.8940948486328;55.1839294433594;131557;47.27;8.4322;465.9;0;0;0;0
02.05.2020 15:16:05;936;26.4950586089652;23.9048217773437;55.1610412597656;131605;47.2652;8.4322;466.3;0;0;0;0
02.05.2020 15:16:14;936;26.4882434655771;23.8940948486328;55.2144470214844;131614;47.2652;8.4322;466.9;0;0;0;0
02.05.2020 15:16:22;936;26.4950586089652;23.8940948486328;54.9550476074219;131622;47.2651;8.4322;467.8;0;0;0;0
02.05.2020 15:16:31;936;26.4882434655771;23.8833679199219;55.1610412597656;131630;47.2651;8.4322;468.4;0;0;0;0
02.05.2020 15:16:39;936;26.4882434655771;23.8726409912109;55.3594055175781;131639;47.2652;8.4322;468.5;0;0;0;0
02.05.2020 15:16:47;936;26.4882434655771;23.9048217773437;55.2449645996094;131647;47.2651;8.4322;468.3;0;0;0;0
02.05.2020 15:16:56;936;26.4950586089652;23.8940948486328;55.1305236816406;131654;47.2651;8.4322;468.3;0;0;0;0
02.05.2020 15:17:04;936;26.4882434655771;23.8833679199219;55.2754821777344;131704;47.265;8.4322;468.5;0;0;0;0
02.05.2020 15:17:13;936;26.4882434655771;23.9048217773437;55.1839294433594;131713;47.2651;8.4323;468.7;0;0;0;0
02.05.2020 15:17:21;936;26.4950586089652;23.8940948486328;55.0389709472656;131721;47.2652;8.4323;469.1;0;0;0;0
02.05.2020 15:17:30;936;26.5018737523533;23.9048217773437;55.2144470214844;131730;47.2652;8.4324;469.6;0;0;0;0
02.05.2020 15:17:38;936;26.4950586089652;23.9262756347656;55.1839294433594;131738;47.2652;8.4324;469.2;0;0;0;0
02.05.2020 15:17:46;936;26.5018737523533;23.9584564208984;55.0694885253906;131746;47.2652;8.432;468.3;0;0;0;0
02.05.2020 15:17:55;936;26.5018737523533;23.9691833496094;54.9245300292969;131753;47.2652;8.4324;467.8;0;0;0;0
02.05.2020 15:18:03;936;26.5018737523533;23.9477294921875;54.9245300292969;131803;47.2652;8.4324;467.8;0;0;0;0
02.05.2020 15:18:12;936;26.4950586089652;23.9584564208984;54.8711242675781;131810;47.2653;8.4324;467.2;0;0;0;0
02.05.2020 15:18:20;936;26.5018737523533;23.9477294921875;55.1000061035156;131820;47.2654;8.4325;467;0;0;0;0
02.05.2020 15:18:29;936;26.4950586089652;23.9370025634766;55.2144470214844;131829;47.2654;8.432;467.5;0;0;0;0
02.05.2020 15:18:37;936;26.5018737523533;23.9262756347656;55.2144470214844;131837;47.2653;8.4324;466.8;0;0;0;0
02.05.2020 15:18:46;936;26.4950586089652;23.9370025634766;55.2449645996094;131845;47.2652;8.4324;466.2;0;0;0;0
02.05.2020 15:18:54;936;26.4950586089652;23.9477294921875;55.2144470214844;131852;47.2652;8.4323;466;0;0;0;0
02.05.2020 15:19:02;936;26.5018737523533;23.9370025634766;55.3288879394531;131902;47.2651;8.432;466;0;0;0;0
02.05.2020 15:19:11;936;26.4950586089652;23.9262756347656;55.2983703613281;131909;47.2651;8.4323;466.2;0;0;0;0
02.05.2020 15:19:19;936;26.4882434655771;23.9155487060547;55.3899230957031;131919;47.2651;8.4323;466.6;0;0;0;0
02.05.2020 15:19:28;936;26.4882434655771;23.9048217773437;55.4433288574219;131928;47.2651;8.4323;466.6;0;0;0;0
02.05.2020 15:19:36;936;26.4882434655771;23.8940948486328;55.4433288574219;131936;47.2651;8.4323;466.5;0;0;0;0
02.05.2020 15:19:45;936;26.4882434655771;23.8833679199219;55.4433288574219;131945;47.2652;8.4323;466.5;0;0;0;0
02.05.2020 15:19:53;936;26.4950586089652;23.9048217773437;55.2754821777344;131953;47.2652;8.4323;466.1;0;0;0;0
02.05.2020 15:20:01;936;26.4950586089652;23.9048217773437;55.1610412597656;132001;47.2652;8.4323;465.3;0;0;0;0
02.05.2020 15:20:10;936;26.4950586089652;23.9155487060547;55.2754821777344;132008;47.2652;8.4324;464.5;0;0;0;0
02.05.2020 15:20:18;936;26.5018737523533;23.9262756347656;55.2449645996094;132018;47.2652;8.4324;464;0;0;0;0
02.05.2020 15:20:27;936;26.4950586089652;23.9262756347656;55.2983703613281;132025;47.265;8.4324;463;0;0;0;0
02.05.2020 15:20:35;936;26.5018737523533;23.9155487060547;55.1305236816406;132035;47.265;8.4325;461.9;0;0;0;0
02.05.2020 15:20:44;936;26.4882434655771;23.9048217773437;55.2754821777344;132044;47.2652;8.433;459.9;0;0;0;0
02.05.2020 15:20:52;936;26.4950586089652;23.8940948486328;55.2449645996094;132052;47.2652;8.4325;458.3;0;0;0;0
02.05.2020 15:21:01;936;26.4882434655771;23.8940948486328;55.1839294433594;132100;47.2652;8.4324;457;0;0;0;0
02.05.2020 15:21:09;936;26.4950586089652;23.9048217773437;55.2754821777344;132107;47.2652;8.4324;455.8;0;0;0;0
02.05.2020 15:21:17;936;26.5018737523533;23.9048217773437;55.1305236816406;132117;47.2652;8.4324;455.7;0;0;0;0
02.05.2020 15:21:26;935;26.5018737523533;23.9477294921875;55.0694885253906;132124;47.2651;8.4324;454.9;0;0;0;0
02.05.2020 15:21:34;936;26.4950586089652;23.9262756347656;55.0160827636719;132134;47.265;8.4323;454.6;0;0;0;0
02.05.2020 15:21:43;935;26.4950586089652;23.9370025634766;55.0694885253906;132143;47.265;8.4322;454.9;0;0;0;0
02.05.2020 15:21:51;936;26.4950586089652;23.9477294921875;55.1000061035156;132151;47.265;8.43;455;0;0;0;0
02.05.2020 15:22:00;935;26.5018737523533;23.9370025634766;54.7261657714844;132200;47.2649;8.432;455.1;0;0;0;0
02.05.2020 15:22:08;936;26.4950586089652;23.9584564208984;55.0694885253906;132208;47.2649;8.432;455.1;0;0;0;0
02.05.2020 15:22:16;936;26.4882434655771;23.9477294921875;55.1839294433594;132216;47.265;8.432;455.2;0;0;0;0
02.05.2020 15:22:25;936;26.5018737523533;23.9477294921875;54.9550476074219;132223;47.2649;8.432;455.4;0;0;0;0
02.05.2020 15:22:33;936;26.4950586089652;23.9799102783203;55.0389709472656;132233;47.265;8.4319;454.3;0;0;0;0
02.05.2020 15:22:42;936;26.4882434655771;23.9799102783203;55.0160827636719;132240;47.2649;8.4321;452.5;0;0;0;0
02.05.2020 15:22:50;936;26.4882434655771;23.9477294921875;55.1610412597656;132250;47.2649;8.4322;451.8;0;0;0;0
02.05.2020 15:22:59;936;26.4882434655771;23.9262756347656;55.2449645996094;132259;47.2649;8.4321;451;0;0;0;0
02.05.2020 15:23:07;936;26.4950586089652;23.9262756347656;55.0694885253906;132307;47.2649;8.4321;449.6;0;0;0;0
02.05.2020 15:23:16;936;26.4882434655771;23.9370025634766;55.0694885253906;132315;47.2648;8.432;448.7;0;0;0;0
02.05.2020 15:23:24;936;26.4882434655771;23.9477294921875;55.1839294433594;132324;47.2648;8.4319;446.8;0;0;0;0
02.05.2020 15:23:32;936;26.4882434655771;23.9370025634766;55.0694885253906;132332;47.2649;8.432;444.7;0;0;0;0
02.05.2020 15:23:41;936;26.4882434655771;23.9370025634766;55.2449645996094;132339;47.265;8.432;444.4;0;0;0;0
02.05.2020 15:23:49;936;26.4882434655771;23.9262756347656;55.3594055175781;132349;47.265;8.432;444.3;0;0;0;0
02.05.2020 15:23:58;936;26.481428322189;23.9262756347656;55.4204406738281;132358;47.2651;8.4321;444.8;0;0;0;0
02.05.2020 15:24:06;936;26.4882434655771;23.9155487060547;55.4433288574219;132406;47.2651;8.4321;445.1;0;0;0;0
02.05.2020 15:24:15;935;26.4882434655771;23.9155487060547;55.4738464355469;132414;47.265;8.4321;445.2;0;0;0;0
02.05.2020 15:24:23;936;26.4882434655771;23.9370025634766;55.3288879394531;132423;47.2651;8.4321;445.7;0;0;0;0
02.05.2020 15:24:31;936;26.4950586089652;23.9477294921875;55.2144470214844;132431;47.2651;8.4321;445.9;0;0;0;0
02.05.2020 15:24:40;936;26.4950586089652;23.9370025634766;55.3594055175781;132438;47.2651;8.4322;446;0;0;0;0
02.05.2020 15:24:48;936;26.5018737523533;23.9799102783203;55.1305236816406;132448;47.2651;8.4323;445.9;0;0;0;0
02.05.2020 15:24:58;936;26.4950586089652;23.9477294921875;55.2754821777344;132458;47.2651;8.4323;445.9;0;0;0;0
02.05.2020 15:25:07;935;26.4882434655771;23.9799102783203;55.1000061035156;132506;47.2651;8.4323;445.9;0;0;0;0
02.05.2020 15:25:15;936;26.4950586089652;23.9477294921875;55.1839294433594;132515;47.2651;8.432;446.8;0;0;0;0
02.05.2020 15:25:24;936;26.4882434655771;23.9477294921875;55.2983703613281;132523;47.2651;8.432;447.6;0;0;0;0
02.05.2020 15:25:32;936;26.4950586089652;23.9477294921875;55.3899230957031;132530;47.2651;8.4323;447.9;0;0;0;0
02.05.2020 15:25:40;936;26.4882434655771;23.9370025634766;55.4204406738281;132540;47.265;8.4323;448.6;0;0;0;0
02.05.2020 15:25:49;936;26.4950586089652;23.9262756347656;55.3594055175781;132547;47.2651;8.4323;448.6;0;0;0;0
02.05.2020 15:25:57;936;26.5018737523533;23.9584564208984;55.4204406738281;132557;47.2651;8.432;448.7;0;0;0;0
02.05.2020 15:26:06;936;26.4950586089652;23.9477294921875;55.3899230957031;132606;47.2651;8.4323;448.9;0;0;0;0
02.05.2020 15:26:14;936;26.4950586089652;23.9370025634766;55.4204406738281;132614;47.2651;8.4323;449.1;0;0;0;0
02.05.2020 15:26:23;936;26.4882434655771;23.9370025634766;55.4738464355469;132622;47.2651;8.4323;449.6;0;0;0;0
02.05.2020 15:26:31;936;26.4882434655771;23.9370025634766;55.4738464355469;132631;47.2651;8.4323;450.6;0;0;0;0
02.05.2020 15:26:39;936;26.4882434655771;23.9477294921875;55.4738464355469;132639;47.265;8.432;450.9;0;0;0;0
02.05.2020 15:26:48;936;26.4882434655771;23.9477294921875;55.5348815917969;132646;47.2651;8.4323;451.2;0;0;0;0
02.05.2020 15:26:56;936;26.4882434655771;23.9477294921875;55.5348815917969;132656;47.2651;8.432;451.2;0;0;0;0
02.05.2020 15:27:05;936;26.4950586089652;23.9370025634766;55.4738464355469;132705;47.265;8.4322;451.9;0;0;0;0
02.05.2020 15:27:13;936;26.4950586089652;23.9370025634766;55.4738464355469;132713;47.265;8.4322;451.9;0;0;0;0
02.05.2020 15:27:22;936;26.5018737523533;23.9262756347656;55.4738464355469;132722;47.265;8.4322;452;0;0;0;0
02.05.2020 15:27:30;936;26.5018737523533;23.9370025634766;55.5348815917969;132730;47.265;8.4322;452.1;0;0;0;0
02.05.2020 15:27:39;936;26.4950586089652;23.9262756347656;55.4738464355469;132738;47.265;8.4322;452.5;0;0;0;0
02.05.2020 15:27:47;936;26.4950586089652;23.9262756347656;55.3288879394531;132745;47.265;8.4322;452.5;0;0;0;0
02.05.2020 15:27:55;936;26.5018737523533;23.9370025634766;55.2983703613281;132755;47.265;8.4322;452.7;0;0;0;0
02.05.2020 15:28:04;936;26.4950586089652;23.9262756347656;55.3594055175781;132802;47.265;8.4322;453;0;0;0;0
02.05.2020 15:28:12;936;26.5086888957414;23.9262756347656;55.2449645996094;132812;47.265;8.4322;453.1;0;0;0;0
02.05.2020 15:28:21;936;26.5086888957414;23.9477294921875;55.2754821777344;132821;47.265;8.4322;453.8;0;0;0;0
02.05.2020 15:28:29;936;26.5155040391295;23.9799102783203;55.2449645996094;132829;47.265;8.4322;454;0;0;0;0
02.05.2020 15:28:38;936;26.5086888957414;23.9691833496094;55.2983703613281;132837;47.265;8.4323;454;0;0;0;0
02.05.2020 15:28:46;936;26.5018737523533;23.9799102783203;55.1839294433594;132846;47.265;8.4322;454.1;0;0;0;0
02.05.2020 15:28:55;936;26.5155040391295;24.0013641357422;55.0389709472656;132854;47.265;8.4322;454.3;0;0;0;0
02.05.2020 15:29:04;936;26.5086888957414;23.9799102783203;55.2754821777344;132904;47.2651;8.4322;454.7;0;0;0;0
02.05.2020 15:29:13;936;26.5086888957414;23.9691833496094;55.3594055175781;132913;47.2651;8.4322;455.3;0;0;0;0
02.05.2020 15:29:21;936;26.5155040391295;23.9906372070312;55.2754821777344;132921;47.2651;8.4323;455.3;0;0;0;0
02.05.2020 15:29:30;936;26.5086888957414;23.9799102783203;55.2983703613281;132930;47.2651;8.4323;455.3;0;0;0;0
02.05.2020 15:29:38;936;26.5086888957414;23.9799102783203;55.3594055175781;132938;47.2651;8.4323;455.3;0;0;0;0
02.05.2020 15:29:47;936;26.5086888957414;23.9799102783203;55.2144470214844;132946;47.2651;8.4323;455.2;0;0;0;0
02.05.2020 15:29:55;936;26.5018737523533;23.9799102783203;55.1610412597656;132953;47.2651;8.4322;455.3;0;0;0;0
02.05.2020 15:30:03;936;26.5018737523533;23.9691833496094;55.3288879394531;133003;47.2651;8.4322;454.8;0;0;0;0
02.05.2020 15:30:12;936;26.5018737523533;23.9691833496094;55.3899230957031;133010;47.2651;8.4322;454.8;0;0;0;0
02.05.2020 15:30:20;936;26.4950586089652;23.9584564208984;55.3594055175781;133020;47.2651;8.4322;454.3;0;0;0;0
02.05.2020 15:30:29;936;26.4950586089652;23.9584564208984;55.4204406738281;133029;47.2651;8.4322;454.3;0;0;0;0
02.05.2020 15:30:39;936;26.5155040391295;24.033544921875;55.3059997558594;133038;47.2651;8.4322;454.3;0;0;0;0
02.05.2020 15:30:47;937;26.5086888957414;24.0013641357422;55.2754821777344;133045;47.2651;8.4322;454;0;0;0;0
02.05.2020 15:30:55;936;26.5018737523533;24.0013641357422;55.3288879394531;133055;47.2651;8.4323;453.6;0;0;0;0
02.05.2020 15:31:04;936;26.5018737523533;23.9906372070312;55.2983703613281;133102;47.2651;8.4323;453;0;0;0;0
02.05.2020 15:31:12;936;26.5018737523533;23.9799102783203;55.2754821777344;133112;47.2651;8.4322;453;0;0;0;0
02.05.2020 15:31:21;936;26.5018737523533;24.0013641357422;55.3288879394531;133121;47.265;8.4323;452.4;0;0;0;0
02.05.2020 15:31:29;936;26.5018737523533;23.9799102783203;55.3594055175781;133129;47.2651;8.4323;451.9;0;0;0;0
02.05.2020 15:31:38;936;26.5018737523533;23.9799102783203;55.3899230957031;133138;47.2651;8.4323;452.3;0;0;0;0
02.05.2020 15:31:46;936;26.5018737523533;24.0013641357422;55.4509582519531;133146;47.2651;8.4323;452.5;0;0;0;0
02.05.2020 15:31:55;936;26.5086888957414;23.9906372070312;55.3899230957031;133154;47.2652;8.4323;452.4;0;0;0;0
02.05.2020 15:32:03;936;26.5223191825175;24.0442718505859;55.1305236816406;133201;47.2652;8.4323;452.2;0;0;0;0
02.05.2020 15:32:11;936;26.5155040391295;24.0120910644531;55.1000061035156;133211;47.2652;8.4323;452.2;0;0;0;0
02.05.2020 15:32:20;936;26.5086888957414;24.0120910644531;55.1610412597656;133218;47.2652;8.4323;452.8;0;0;0;0
02.05.2020 15:32:28;936;26.5155040391295;24.033544921875;55.1305236816406;133228;47.2651;8.4323;453.1;0;0;0;0
02.05.2020 15:32:37;936;26.5018737523533;24.0120910644531;55.2449645996094;133237;47.2651;8.4323;453.4;0;0;0;0
02.05.2020 15:32:45;936;26.5018737523533;24.0013641357422;55.3059997558594;133245;47.2651;8.4323;453.4;0;0;0;0
02.05.2020 15:32:54;936;26.5018737523533;24.0013641357422;55.0694885253906;133253;47.2652;8.4323;453.5;0;0;0;0
02.05.2020 15:33:02;936;26.5155040391295;24.0228179931641;55.3059997558594;133302;47.2651;8.4322;453.8;0;0;0;0
02.05.2020 15:33:10;936;26.5223191825175;24.0442718505859;55.1839294433594;133310;47.265;8.4322;453.9;0;0;0;0
02.05.2020 15:33:19;936;26.5223191825175;24.0549987792969;55.0389709472656;133317;47.2651;8.4322;454.1;0;0;0;0
02.05.2020 15:33:27;936;26.5155040391295;24.033544921875;55.2449645996094;133327;47.265;8.4322;454.1;0;0;0;0
02.05.2020 15:33:36;936;26.5223191825175;24.033544921875;55.3059997558594;133336;47.2651;8.4322;454.1;0;0;0;0
02.05.2020 15:33:44;936;26.5155040391295;24.0228179931641;55.3288879394531;133344;47.2651;8.4322;453.9;0;0;0;0
02.05.2020 15:33:53;936;26.5018737523533;24.0120910644531;55.3899230957031;133353;47.2651;8.4322;453.6;0;0;0;0
02.05.2020 15:34:01;936;26.5086888957414;24.0120910644531;55.4509582519531;133401;47.2651;8.4322;453.6;0;0;0;0
02.05.2020 15:34:10;936;26.5086888957414;24.0013641357422;55.4509582519531;133409;47.2651;8.4323;453.2;0;0;0;0
02.05.2020 15:34:18;936;26.5086888957414;23.9906372070312;55.4738464355469;133416;47.2651;8.4323;453.2;0;0;0;0
02.05.2020 15:34:26;936;26.5018737523533;24.0013641357422;55.5043640136719;133426;47.2651;8.4322;453.2;0;0;0;0
02.05.2020 15:34:35;936;26.5018737523533;24.0013641357422;55.5043640136719;133435;47.2651;8.4323;453;0;0;0;0
02.05.2020 15:34:45;935;26.5086888957414;24.0228179931641;55.4509582519531;133445;47.2651;8.4323;453;0;0;0;0
02.05.2020 15:34:53;936;26.5291343259056;24.0549987792969;55.1610412597656;133453;47.2651;8.4323;453.2;0;0;0;0
02.05.2020 15:35:02;935;26.5291343259056;24.0657257080078;55.1610412597656;133501;47.2651;8.4323;453.6;0;0;0;0
02.05.2020 15:35:10;936;26.5155040391295;24.0442718505859;55.3288879394531;133508;47.2651;8.4323;453.7;0;0;0;0
02.05.2020 15:35:18;936;26.5155040391295;24.0657257080078;55.2754821777344;133518;47.2651;8.4323;453.8;0;0;0;0
02.05.2020 15:35:27;936;26.5155040391295;24.0657257080078;55.2754821777344;133525;47.2651;8.4323;453.8;0;0;0;0
02.05.2020 15:35:35;936;26.5155040391295;24.0442718505859;55.3288879394531;133535;47.2651;8.4323;453.9;0;0;0;0
02.05.2020 15:35:44;936;26.5086888957414;24.0442718505859;55.3899230957031;133544;47.2651;8.4323;454;0;0;0;0
02.05.2020 15:35:52;935;26.5155040391295;24.0442718505859;55.3899230957031;133552;47.2651;8.4323;454.2;0;0;0;0
02.05.2020 15:36:01;936;26.5155040391295;24.0228179931641;55.4738464355469;133600;47.2651;8.4323;454.3;0;0;0;0
02.05.2020 15:36:09;936;26.5155040391295;24.0228179931641;55.5043640136719;133609;47.2651;8.4323;454.4;0;0;0;0
02.05.2020 15:36:17;936;26.5086888957414;24.0120910644531;55.5348815917969;133617;47.2651;8.4323;454.7;0;0;0;0
02.05.2020 15:36:26;936;26.5223191825175;24.0442718505859;55.4509582519531;133624;47.2652;8.432;454.8;0;0;0;0
02.05.2020 15:36:34;936;26.5155040391295;24.033544921875;55.4204406738281;133634;47.265;8.432;455.2;0;0;0;0
02.05.2020 15:36:43;936;26.5155040391295;24.0228179931641;55.4509582519531;133643;47.2652;8.4323;455.4;0;0;0;0
02.05.2020 15:36:51;936;26.5086888957414;24.033544921875;55.4738464355469;133651;47.2652;8.4323;455.4;0;0;0;0
02.05.2020 15:37:00;936;26.5223191825175;24.033544921875;55.4509582519531;133700;47.2651;8.4322;455.7;0;0;0;0
02.05.2020 15:37:08;936;26.5155040391295;24.0442718505859;55.5043640136719;133708;47.2651;8.4322;455.6;0;0;0;0
02.05.2020 15:37:17;936;26.5155040391295;24.033544921875;55.4509582519531;133716;47.2651;8.432;455.4;0;0;0;0
02.05.2020 15:37:25;936;26.5155040391295;24.0228179931641;55.5043640136719;133723;47.2651;8.432;455.4;0;0;0;0
02.05.2020 15:37:33;936;26.5086888957414;24.0120910644531;55.5653991699219;133733;47.2651;8.4322;455.1;0;0;0;0
02.05.2020 15:37:42;936;26.5086888957414;24.0228179931641;55.5348815917969;133740;47.2651;8.4322;454.5;0;0;0;0
02.05.2020 15:37:50;936;26.5155040391295;24.0442718505859;55.4738464355469;133750;47.2651;8.4323;454;0;0;0;0
02.05.2020 15:37:59;936;26.5223191825175;24.0657257080078;55.3899230957031;133759;47.2651;8.4322;454;0;0;0;0
02.05.2020 15:38:07;936;26.5155040391295;24.0871795654297;55.3059997558594;133807;47.2651;8.4323;453.2;0;0;0;0
02.05.2020 15:38:17;936;26.5155040391295;24.0549987792969;55.3288879394531;133815;47.265;8.4322;453.1;0;0;0;0
02.05.2020 15:38:25;936;26.5086888957414;24.0442718505859;55.3899230957031;133825;47.2651;8.4322;453.6;0;0;0;0
02.05.2020 15:38:34;936;26.5018737523533;24.033544921875;55.4738464355469;133832;47.2651;8.4322;454;0;0;0;0
02.05.2020 15:38:42;936;26.5086888957414;24.0228179931641;55.5043640136719;133842;47.2651;8.4322;454;0;0;0;0
02.05.2020 15:38:51;936;26.5086888957414;24.0228179931641;55.5653991699219;133851;47.265;8.4322;454.9;0;0;0;0
02.05.2020 15:38:59;935;26.5155040391295;24.0228179931641;55.5653991699219;133859;47.2651;8.4322;455;0;0;0;0
02.05.2020 15:39:08;935;26.5086888957414;24.033544921875;55.5043640136719;133907;47.265;8.4323;454.9;0;0;0;0
02.05.2020 15:39:16;936;26.5155040391295;24.0549987792969;55.4204406738281;133916;47.2651;8.4323;454.7;0;0;0;0
02.05.2020 15:39:24;936;26.5223191825175;24.0871795654297;55.3288879394531;133924;47.2651;8.4323;454.8;0;0;0;0
02.05.2020 15:39:33;936;26.5223191825175;24.0871795654297;55.3899230957031;133931;47.2651;8.4322;454.7;0;0;0;0
02.05.2020 15:39:41;935;26.5155040391295;24.0764526367187;55.4509582519531;133941;47.2651;8.4322;454.8;0;0;0;0
02.05.2020 15:39:50;935;26.5223191825175;24.0657257080078;55.4204406738281;133950;47.2651;8.4322;455;0;0;0;0
02.05.2020 15:39:58;935;26.5223191825175;24.0549987792969;55.4738464355469;133958;47.2651;8.4323;455;0;0;0;0
02.05.2020 15:40:07;935;26.5086888957414;24.0549987792969;55.5043640136719;134007;47.2651;8.4323;455;0;0;0;0
02.05.2020 15:40:15;935;26.5086888957414;24.0871795654297;55.5043640136719;134015;47.2651;8.4323;455.1;0;0;0;0
02.05.2020 15:40:24;936;26.5155040391295;24.0871795654297;55.5348815917969;134023;47.2651;8.4323;455.1;0;0;0;0
02.05.2020 15:40:32;935;26.5223191825175;24.0871795654297;55.5348815917969;134030;47.2651;8.4323;455.6;0;0;0;0
02.05.2020 15:40:40;935;26.5086888957414;24.0657257080078;55.5043640136719;134040;47.2651;8.4323;455.8;0;0;0;0
02.05.2020 15:40:49;935;26.5223191825175;24.0549987792969;55.5348815917969;134047;47.2651;8.4323;455.3;0;0;0;0
02.05.2020 15:40:57;936;26.5223191825175;24.0657257080078;55.5653991699219;134057;47.2651;8.4323;455.2;0;0;0;0
02.05.2020 15:41:06;936;26.5223191825175;24.0657257080078;55.5653991699219;134106;47.2651;8.4322;456;0;0;0;0
02.05.2020 15:41:14;936;26.5223191825175;24.0657257080078;55.5653991699219;134114;47.2651;8.4322;456.2;0;0;0;0
02.05.2020 15:41:23;936;26.5291343259056;24.0657257080078;55.5653991699219;134122;47.265;8.4322;456.5;0;0;0;0
02.05.2020 15:41:31;936;26.5291343259056;24.0549987792969;55.5653991699219;134131;47.2651;8.4322;457;0;0;0;0
02.05.2020 15:41:39;936;26.5223191825175;24.033544921875;55.5959167480469;134139;47.2651;8.4322;457.5;0;0;0;0
02.05.2020 15:41:48;935;26.5223191825175;24.0549987792969;55.5653991699219;134146;47.2652;8.432;458.3;0;0;0;0
02.05.2020 15:41:56;935;26.5223191825175;24.0549987792969;55.5653991699219;134156;47.2652;8.4323;458.7;0;0;0;0
02.05.2020 15:42:05;935;26.5155040391295;24.0549987792969;55.5653991699219;134203;47.265;8.4322;458.6;0;0;0;0
02.05.2020 15:42:13;936;26.5223191825175;24.0549987792969;55.5959167480469;134213;47.265;8.4322;458.6;0;0;0;0
02.05.2020 15:42:22;935;26.5155040391295;24.0442718505859;55.5653991699219;134222;47.2649;8.4322;458.3;0;0;0;0
02.05.2020 15:42:30;936;26.5223191825175;24.0764526367187;55.5043640136719;134230;47.265;8.4323;458.3;0;0;0;0
02.05.2020 15:42:39;936;26.5223191825175;24.0871795654297;55.5043640136719;134238;47.265;8.4322;458.1;0;0;0;0
02.05.2020 15:42:47;935;26.5223191825175;24.0657257080078;55.5653991699219;134245;47.265;8.432;458;0;0;0;0
02.05.2020 15:42:55;935;26.5223191825175;24.0549987792969;55.5653991699219;134255;47.2649;8.4323;457.4;0;0;0;0
02.05.2020 15:43:04;935;26.5223191825175;24.033544921875;55.5959167480469;134302;47.2649;8.4323;456.8;0;0;0;0
02.05.2020 15:43:12;935;26.5223191825175;24.033544921875;55.6493225097656;134312;47.2649;8.4323;456.3;0;0;0;0
02.05.2020 15:43:21;935;26.5223191825175;24.0442718505859;55.6798400878906;134321;47.2649;8.4322;455.7;0;0;0;0
02.05.2020 15:43:29;935;26.5223191825175;24.033544921875;55.6493225097656;134329;47.2649;8.4322;455.6;0;0;0;0
02.05.2020 15:43:38;935;26.5223191825175;24.033544921875;55.6188049316406;134337;47.2649;8.4323;455.1;0;0;0;0
02.05.2020 15:43:46;936;26.5291343259056;24.0442718505859;55.5653991699219;134346;47.265;8.4323;454.9;0;0;0;0
02.05.2020 15:43:56;935;26.5223191825175;24.0764526367187;55.5653991699219;134354;47.2649;8.4323;453.6;0;0;0;0
02.05.2020 15:44:04;935;26.5359494692937;24.0871795654297;55.4509582519531;134404;47.265;8.4323;452.6;0;0;0;0
02.05.2020 15:44:13;935;26.5223191825175;24.0871795654297;55.4738464355469;134413;47.265;8.4323;453.2;0;0;0;0
02.05.2020 15:44:21;936;26.5223191825175;24.0764526367187;55.5348815917969;134421;47.265;8.4323;452.8;0;0;0;0
02.05.2020 15:44:30;936;26.5223191825175;24.0764526367187;55.5043640136719;134430;47.265;8.4323;452.8;0;0;0;0
02.05.2020 15:44:38;935;26.5155040391295;24.0657257080078;55.5043640136719;134438;47.265;8.432;452.8;0;0;0;0
02.05.2020 15:44:47;935;26.5223191825175;24.0871795654297;55.4509582519531;134446;47.265;8.4323;453;0;0;0;0
02.05.2020 15:44:55;935;26.5223191825175;24.0871795654297;55.5043640136719;134453;47.265;8.4324;453.6;0;0;0;0
02.05.2020 15:45:03;935;26.5223191825175;24.0871795654297;55.5348815917969;134503;47.265;8.4324;454;0;0;0;0
02.05.2020 15:45:12;935;26.5223191825175;24.0871795654297;55.4738464355469;134510;47.265;8.4324;454.7;0;0;0;0
02.05.2020 15:45:20;935;26.5223191825175;24.0979064941406;55.4738464355469;134520;47.265;8.4324;455.3;0;0;0;0
02.05.2020 15:45:29;935;26.5359494692937;24.1300872802734;55.4204406738281;134529;47.265;8.43;455.9;0;0;0;0
02.05.2020 15:45:37;935;26.5291343259056;24.1086334228516;55.4204406738281;134537;47.265;8.4323;457.6;0;0;0;0
02.05.2020 15:45:46;936;26.5291343259056;24.0979064941406;55.4509582519531;134545;47.265;8.4323;458;0;0;0;0
02.05.2020 15:45:54;936;26.5223191825175;24.0871795654297;55.5043640136719;134554;47.265;8.4323;458;0;0;0;0
02.05.2020 15:46:02;936;26.5223191825175;24.1086334228516;55.4509582519531;134602;47.265;8.4323;457.8;0;0;0;0
02.05.2020 15:46:11;935;26.5291343259056;24.0871795654297;55.3899230957031;134609;47.265;8.4323;457.8;0;0;0;0
02.05.2020 15:46:19;935;26.5223191825175;24.0871795654297;55.4509582519531;134619;47.265;8.4323;457.8;0;0;0;0
02.05.2020 15:46:28;935;26.5291343259056;24.0871795654297;55.4738464355469;134628;47.2651;8.4323;456.9;0;0;0;0
02.05.2020 15:46:36;936;26.5291343259056;24.0979064941406;55.4509582519531;134636;47.2651;8.4323;455.8;0;0;0;0
02.05.2020 15:46:45;936;26.5291343259056;24.0871795654297;55.4509582519531;134645;47.2651;8.4324;453.8;0;0;0;0
02.05.2020 15:46:53;935;26.5155040391295;24.0871795654297;55.4204406738281;134653;47.2651;8.4324;452.5;0;0;0;0
02.05.2020 15:47:02;935;26.5291343259056;24.0871795654297;55.3059997558594;134701;47.2651;8.4324;452.1;0;0;0;0
02.05.2020 15:47:10;935;26.5359494692937;24.1086334228516;55.4509582519531;134708;47.2651;8.4323;451.7;0;0;0;0
02.05.2020 15:47:18;935;26.5359494692937;24.1086334228516;55.4509582519531;134718;47.2651;8.4323;451.5;0;0;0;0
02.05.2020 15:47:27;935;26.5291343259056;24.0871795654297;55.4738464355469;134725;47.2651;8.4323;451;0;0;0;0
02.05.2020 15:47:35;935;26.5291343259056;24.0871795654297;55.5043640136719;134735;47.2651;8.4323;451.2;0;0;0;0
02.05.2020 15:47:44;935;26.5291343259056;24.0871795654297;55.5653991699219;134744;47.2651;8.43;450.6;0;0;0;0
02.05.2020 15:47:52;935;26.5359494692937;24.0871795654297;55.5653991699219;134752;47.2651;8.4323;450.4;0;0;0;0
02.05.2020 15:48:01;935;26.5359494692937;24.0871795654297;55.5348815917969;134800;47.2651;8.4323;449.7;0;0;0;0
02.05.2020 15:48:09;935;26.5359494692937;24.0871795654297;55.5043640136719;134809;47.2651;8.4323;449.7;0;0;0;0
02.05.2020 15:48:17;935;26.5359494692937;24.0871795654297;55.5043640136719;134817;47.2651;8.4324;450;0;0;0;0
02.05.2020 15:48:26;936;26.5359494692937;24.1086334228516;55.5043640136719;134824;47.265;8.4324;450;0;0;0;0
02.05.2020 15:48:34;935;26.5427646126818;24.1086334228516;55.4509582519531;134834;47.2651;8.4323;450;0;0;0;0
02.05.2020 15:48:43;935;26.5291343259056;24.1086334228516;55.4509582519531;134841;47.2651;8.4323;450.4;0;0;0;0
02.05.2020 15:48:51;935;26.5359494692937;24.0979064941406;55.5043640136719;134851;47.2651;8.4323;451.9;0;0;0;0
02.05.2020 15:49:00;935;26.5359494692937;24.1086334228516;55.5043640136719;134900;47.2651;8.4323;454.1;0;0;0;0
02.05.2020 15:49:08;935;26.5359494692937;24.1086334228516;55.4738464355469;134908;47.2651;8.43;454.5;0;0;0;0
02.05.2020 15:49:17;935;26.5427646126818;24.0871795654297;55.5043640136719;134916;47.2651;8.4324;454.5;0;0;0;0
02.05.2020 15:49:25;935;26.5427646126818;24.0871795654297;55.5043640136719;134923;47.2651;8.4324;455.2;0;0;0;0
02.05.2020 15:49:33;935;26.5223191825175;24.0871795654297;55.5043640136719;134933;47.2651;8.4324;454;0;0;0;0
02.05.2020 15:49:42;935;26.5223191825175;24.0871795654297;55.5043640136719;134940;47.2651;8.4324;453.9;0;0;0;0
02.05.2020 15:49:50;935;26.5155040391295;24.0871795654297;55.5043640136719;134950;47.2651;8.4323;454.1;0;0;0;0
02.05.2020 15:49:59;935;26.5223191825175;24.0764526367187;55.5348815917969;134959;47.2651;8.4323;454.2;0;0;0;0
02.05.2020 15:50:07;934;26.5155040391295;24.0764526367187;55.5653991699219;135007;47.2651;8.4323;454.7;0;0;0;0
02.05.2020 15:50:16;935;26.5223191825175;24.0871795654297;55.5348815917969;135016;47.2651;8.4323;454.9;0;0;0;0
02.05.2020 15:50:24;935;26.5291343259056;24.0871795654297;55.5653991699219;135024;47.2651;8.4323;454.9;0;0;0;0
02.05.2020 15:50:33;935;26.5291343259056;24.0871795654297;55.5348815917969;135032;47.265;8.4323;454.1;0;0;0;0
02.05.2020 15:50:41;934;26.5291343259056;24.0871795654297;55.5348815917969;135039;47.265;8.4322;453;0;0;0;0
02.05.2020 15:50:49;935;26.5359494692937;24.0871795654297;55.4738464355469;135049;47.265;8.4321;451.9;0;0;0;0
02.05.2020 15:50:58;935;26.5291343259056;24.0871795654297;55.4509582519531;135056;47.2649;8.432;449.9;0;0;0;0
02.05.2020 15:51:06;935;26.5155040391295;24.1300872802734;55.4509582519531;135106;47.2649;8.432;449.4;0;0;0;0
02.05.2020 15:51:15;935;26.5359494692937;24.1086334228516;55.2449645996094;135115;47.2649;8.4321;447.7;0;0;0;0
02.05.2020 15:51:23;934;26.5359494692937;24.0979064941406;55.4509582519531;135123;47.2648;8.432;446.9;0;0;0;0
02.05.2020 15:51:32;935;26.5223191825175;24.0871795654297;55.3594055175781;135131;47.2648;8.4321;445.7;0;0;0;0
02.05.2020 15:51:40;935;26.5223191825175;24.1408142089844;55.3594055175781;135140;47.2648;8.432;443.5;0;0;0;0
02.05.2020 15:51:48;935;26.5291343259056;24.1515411376953;55.5653991699219;135148;47.2648;8.4321;441.8;0;0;0;0
02.05.2020 15:51:57;935;26.5359494692937;24.1408142089844;55.6798400878906;135155;47.2648;8.4321;439.2;0;0;0;0
02.05.2020 15:52:05;935;26.5359494692937;24.1622680664062;55.5348815917969;135205;47.2649;8.4321;437.5;0;0;0;0
02.05.2020 15:52:14;935;26.5291343259056;24.1837219238281;55.3288879394531;135212;47.2649;8.4321;436.2;0;0;0;0
02.05.2020 15:52:22;935;26.5155040391295;24.1729949951172;55.2144470214844;135222;47.2649;8.4322;436.2;0;0;0;0
02.05.2020 15:52:31;934;26.5223191825175;24.1515411376953;55.2449645996094;135231;47.2649;8.4322;434.6;0;0;0;0
02.05.2020 15:52:39;935;26.5359494692937;24.1408142089844;55.3059997558594;135239;47.2649;8.4321;434.4;0;0;0;0
02.05.2020 15:52:48;935;26.5223191825175;24.1729949951172;55.2144470214844;135247;47.2649;8.4322;434.4;0;0;0;0
02.05.2020 15:52:56;934;26.5223191825175;24.1729949951172;55.0389709472656;135254;47.265;8.4322;436.2;0;0;0;0
02.05.2020 15:53:04;935;26.5291343259056;24.1622680664062;55.1839294433594;135304;47.2649;8.4322;436.8;0;0;0;0
02.05.2020 15:53:13;935;26.5359494692937;24.1729949951172;55.2449645996094;135311;47.2649;8.4322;437.6;0;0;0;0
02.05.2020 15:53:21;935;26.5359494692937;24.1729949951172;55.1839294433594;135321;47.2649;8.4322;436.7;0;0;0;0
